0 info it worked if it ends with ok
1 verbose cli [ 'node', '/usr/local/bin/npm', 'install' ]
2 info using npm@2.0.0-alpha-5
3 info using node@v0.10.13
4 verbose readDependencies using package.json deps
5 verbose install where, deps [ '/Users/shinriyo/blog',
5 verbose install   [ 'phoenix',
5 verbose install     'phoenix_html',
5 verbose install     'babel-brunch',
5 verbose install     'brunch',
5 verbose install     'clean-css-brunch',
5 verbose install     'css-brunch',
5 verbose install     'javascript-brunch',
5 verbose install     'uglify-js-brunch' ] ]
6 info preinstall @
7 verbose readDependencies using package.json deps
8 verbose cache add [ 'babel-brunch@~6.0.0', null ]
9 verbose cache add spec="babel-brunch@~6.0.0" args=["babel-brunch@~6.0.0",null]
10 error Error: Unsupported URL Type: file:deps/phoenix
10 error     at parseUrl (/usr/local/lib/node_modules/npm/node_modules/npm-package-arg/npa.js:148:13)
10 error     at npa (/usr/local/lib/node_modules/npm/node_modules/npm-package-arg/npa.js:62:12)
10 error     at resolver (/usr/local/lib/node_modules/npm/lib/install.js:679:42)
10 error     at null._onTimeout (/usr/local/lib/node_modules/npm/lib/install.js:674:7)
10 error     at Timer.listOnTimeout [as ontimeout] (timers.js:110:15)
11 error If you need help, you may report this *entire* log,
11 error including the npm and node versions, at:
11 error     <http://github.com/npm/npm/issues>
12 error System Darwin 15.6.0
13 error command "node" "/usr/local/bin/npm" "install"
14 error cwd /Users/shinriyo/blog
15 error node -v v0.10.13
16 error npm -v 2.0.0-alpha-5
17 verbose exit [ 1, true ]
